[?25l[H[2J[1;36mmasoko@mini-pc » /home/masoko/git/sb
[0m────────────────────────────────────────────────────────────────────────────────[K
[K
[K
[K
[K
[K
[K
[K
[K
[K
[K
[K
[K
[K
[K
[K
[K
[K
[K
[K
[K
[K
[K
[K
[K
[K
[K
[K
[30;1H[K[2m[total: 0] src:lsd hidden:on load:0ms (ls:0 parse:0) | Up/Down PgUp/PgDn Home/End | R src | . hidden | r reload | i integrations | q quit[0m[K[H[2J[1;36mmasoko@mini-pc » /home/masoko/git/sb
[0m────────────────────────────────────────────────────────────────────────────────[K
[7mdrwxrwxr-x masoko masoko 4.0 KB 2026-03-29 22:12  .git[0m[K
.[38;5;2mr[39m[38;5;3mw[39m[38;5;245m-[39m[38;5;2mr[39m[38;5;3mw[39m[38;5;245m-[39m[38;5;2mr[39m[38;5;245m-[39m[38;5;245m-[39m[38;5;6m[39m [38;5;230mmasoko[39m [38;5;187mmasoko[39m   [38;5;229m0[39m [38;5;229mB[39m  [38;5;40m2026-03-29 23:44[39m  .lsy-bashn.out[K
.[38;5;2mr[39m[38;5;3mw[39m[38;5;245m-[39m[38;5;2mr[39m[38;5;3mw[39m[38;5;245m-[39m[38;5;2mr[39m[38;5;245m-[39m[38;5;245m-[39m[38;5;6m[39m [38;5;230mmasoko[39m [38;5;187mmasoko[39m   [38;5;229m1[39m [38;5;229mB[39m  [38;5;40m2026-03-29 23:44[39m  .lsy-bashn.status[K
.[38;5;2mr[39m[38;5;3mw[39m[38;5;245m-[39m[38;5;2mr[39m[38;5;3mw[39m[38;5;245m-[39m[38;5;2mr[39m[38;5;245m-[39m[38;5;245m-[39m[38;5;6m[39m [38;5;230mmasoko[39m [38;5;187mmasoko[39m [38;5;229m572[39m [38;5;229mB[39m  [38;5;40m2026-03-29 23:44[39m  .lsy-run.out[K
.[38;5;2mr[39m[38;5;3mw[39m[38;5;245m-[39m[38;5;2mr[39m[38;5;3mw[39m[38;5;245m-[39m[38;5;2mr[39m[38;5;245m-[39m[38;5;245m-[39m[38;5;6m[39m [38;5;230mmasoko[39m [38;5;187mmasoko[39m [38;5;229m678[39m [38;5;229mB[39m  [38;5;42m2026-03-29 21:35[39m  AGENTS.md[K
[38;5;2m[1m.[0m[38;5;2mr[39m[38;5;3mw[39m[38;5;1mx[39m[38;5;2mr[39m[38;5;3mw[39m[38;5;1mx[39m[38;5;2mr[39m[38;5;245m-[39m[38;5;1mx[39m[38;5;6m[39m [38;5;230mmasoko[39m [38;5;187mmasoko[39m  [38;5;229m12[39m [38;5;229mKB[39m [38;5;42m2026-03-29 16:37[39m [38;5;2m[1m install.sh[0m[K
[38;5;2m[1m.[0m[38;5;2mr[39m[38;5;3mw[39m[38;5;1mx[39m[38;5;2mr[39m[38;5;3mw[39m[38;5;1mx[39m[38;5;2mr[39m[38;5;245m-[39m[38;5;1mx[39m[38;5;6m[39m [38;5;230mmasoko[39m [38;5;187mmasoko[39m  [38;5;229m19[39m [38;5;229mKB[39m [38;5;40m2026-03-29 23:44[39m [38;5;2m[1m lsy[0m[K
.[38;5;2mr[39m[38;5;3mw[39m[38;5;245m-[39m[38;5;2mr[39m[38;5;3mw[39m[38;5;245m-[39m[38;5;2mr[39m[38;5;245m-[39m[38;5;245m-[39m[38;5;6m[39m [38;5;230mmasoko[39m [38;5;187mmasoko[39m  [38;5;229m15[39m [38;5;229mKB[39m [38;5;42m2026-03-29 17:15[39m  README.md[K
[38;5;2m[1m.[0m[38;5;2mr[39m[38;5;3mw[39m[38;5;1mx[39m[38;5;2mr[39m[38;5;3mw[39m[38;5;1mx[39m[38;5;2mr[39m[38;5;245m-[39m[38;5;1mx[39m[38;5;6m[39m [38;5;230mmasoko[39m [38;5;187mmasoko[39m [38;5;229m140[39m [38;5;229mKB[39m [38;5;42m2026-03-29 20:02[39m [38;5;2m[1m sb[0m[K
.[38;5;2mr[39m[38;5;3mw[39m[38;5;245m-[39m[38;5;2mr[39m[38;5;3mw[39m[38;5;245m-[39m[38;5;2mr[39m[38;5;245m-[39m[38;5;245m-[39m[38;5;6m[39m [38;5;230mmasoko[39m [38;5;187mmasoko[39m [38;5;229m1.4[39m [38;5;229mKB[39m [38;5;40m2026-03-29 23:12[39m  sb-design-principles.md[K
.[38;5;2mr[39m[38;5;3mw[39m[38;5;245m-[39m[38;5;2mr[39m[38;5;3mw[39m[38;5;245m-[39m[38;5;2mr[39m[38;5;245m-[39m[38;5;245m-[39m[38;5;6m[39m [38;5;230mmasoko[39m [38;5;187mmasoko[39m  [38;5;229m69[39m [38;5;229mKB[39m [38;5;36m2026-03-26 23:27[39m [38;5;5m[1m shell_buddy_sceen_shot.png[0m[K
[K
[K
[K
[K
[K
[K
[K
[K
[K
[K
[K
[K
[K
[K
[K
[K
[30;1H[K[2m[total: 11] src:lsd hidden:on load:16ms (ls:10 parse:6) | Up/Down PgUp/PgDn Home/End | R src | . hidden | r reload | i integrations | q quit[0m[K[?25h[0m[2J[H